<?xml version="1.0" encoding="UTF-8"?>
<testng-results ignored="0" total="1" passed="1" failed="0" skipped="0">
  <reporter-output>
  </reporter-output>
  <suite started-at="2023-12-12T22:42:39 IST" name="Default suite" finished-at="2023-12-12T22:42:53 IST" duration-ms="13629">
    <groups>
      <group name="cucumber">
        <method signature="AbstractTestNGCucumberTests.runScenario(io.cucumber.testng.PickleWrapper,io.cucumber.testng.FeatureWrapper)[pri:0, instance:cucumber.Options.TestRunner@52bf72b5]" name="runScenario" class="io.cucumber.testng.AbstractTestNGCucumberTests"/>
      </group> <!-- cucumber -->
    </groups>
    <test started-at="2023-12-12T22:42:39 IST" name="Default test" finished-at="2023-12-12T22:42:53 IST" duration-ms="13629">
      <class name="cucumber.Options.TestRunner">
        <test-method is-config="true" signature="setUpClass(org.testng.ITestContext)[pri:0, instance:cucumber.Options.TestRunner@52bf72b5]" started-at="2023-12-12T22:42:39 IST" name="setUpClass" finished-at="2023-12-12T22:42:40 IST" duration-ms="1030" status="PASS">
          <params>
            <param index="0">
              <value>
                <![CDATA[org.testng.TestRunner@3bd3d05e]]>
              </value>
            </param>
          </params>
          <reporter-output>
          </reporter-output>
        </test-method> <!-- setUpClass -->
        <test-method signature="runScenario(io.cucumber.testng.PickleWrapper,io.cucumber.testng.FeatureWrapper)[pri:0, instance:cucumber.Options.TestRunner@52bf72b5]" started-at="2023-12-12T22:42:40 IST" name="runScenario" description="Runs Cucumber Scenarios" data-provider="scenarios" finished-at="2023-12-12T22:42:53 IST" duration-ms="12469" status="PASS">
          <params>
            <param index="0">
              <value>
                <![CDATA["Validate drop down size"]]>
              </value>
            </param>
            <param index="1">
              <value>
                <![CDATA["Verify drop down option"]]>
              </value>
            </param>
          </params>
          <reporter-output>
          </reporter-output>
        </test-method> <!-- runScenario -->
        <test-method is-config="true" signature="tearDownClass()[pri:0, instance:cucumber.Options.TestRunner@52bf72b5]" started-at="2023-12-12T22:42:53 IST" name="tearDownClass" finished-at="2023-12-12T22:42:53 IST" duration-ms="79" status="PASS">
          <reporter-output>
          </reporter-output>
        </test-method> <!-- tearDownClass -->
      </class> <!-- cucumber.Options.TestRunner -->
    </test> <!-- Default test -->
  </suite> <!-- Default suite -->
</testng-results>
